{"name": "Verify that framework is working", "status": "failed", "statusDetails": {"message": "AssertionError: assert True == False", "trace": "@allure.title(\"Verify that framework is working\")\n    def test_sample_fail():\n>       assert True == False\nE       assert True == False\n\nsrc/tests/sample/test_sample.py:10: AssertionError"}, "start": 1766004526457, "stop": 1766004526459, "uuid": "a8f04f84-6dfd-4e46-83c0-d69006d54044", "historyId": "22cda3223d9e1892170539afef0c4b6d", "testCaseId": "22cda3223d9e1892170539afef0c4b6d", "fullName": "src.tests.sample.test_sample#test_sample_fail", "labels": [{"name": "parentSuite", "value": "src.tests.sample"}, {"name": "suite", "value": "test_sample"}, {"name": "host", "value": "Prashants-MacBook-Pro.local"}, {"name": "thread", "value": "20134-MainThread"}, {"name": "framework", "value": "pytest"}, {"name": "language", "value": "cpython3"}, {"name": "package", "value": "src.tests.sample.test_sample"}], "titlePath": ["src", "tests", "sample", "test_sample.py"]}